
ActiveRecord::PendingMigrationError (

Migrations are pending. To resolve this issue, run:

	bin/rake db:migrate RAILS_ENV=development

):
  activerecord (4.2.4) lib/active_record/migration.rb:392:in `check_pending!'
  activerecord (4.2.4) lib/active_record/migration.rb:373:in `call'
  actionpack (4.2.4) lib/action_dispatch/middleware/callbacks.rb:29:in `block in call'
  activesupport (4.2.4) lib/active_support/callbacks.rb:88:in `__run_callbacks__'
  activesupport (4.2.4) lib/active_support/callbacks.rb:778:in `_run_call_callbacks'
  activesupport (4.2.4) lib/active_support/callbacks.rb:81:in `run_callbacks'
  actionpack (4.2.4) lib/action_dispatch/middleware/callbacks.rb:27:in `call'
  actionpack (4.2.4) lib/action_dispatch/middleware/reloader.rb:73:in `call'
  actionpack (4.2.4) lib/action_dispatch/middleware/remote_ip.rb:78:in `call'
  rack-contrib (1.4.0) lib/rack/contrib/response_headers.rb:17:in `call'
  meta_request (0.3.4) lib/meta_request/middlewares/headers.rb:16:in `call'
  actionpack (4.2.4) lib/action_dispatch/middleware/debug_exceptions.rb:17:in `call'
  web-console (2.2.1) lib/web_console/middleware.rb:39:in `call'
  actionpack (4.2.4) lib/action_dispatch/middleware/show_exceptions.rb:30:in `call'
  railties (4.2.4) lib/rails/rack/logger.rb:38:in `call_app'
  railties (4.2.4) lib/rails/rack/logger.rb:20:in `block in call'
  activesupport (4.2.4) lib/active_support/tagged_logging.rb:68:in `block in tagged'
  activesupport (4.2.4) lib/active_support/tagged_logging.rb:26:in `tagged'
  activesupport (4.2.4) lib/active_support/tagged_logging.rb:68:in `tagged'
  railties (4.2.4) lib/rails/rack/logger.rb:20:in `call'
  quiet_assets (1.1.0) lib/quiet_assets.rb:27:in `call_with_quiet_assets'
  actionpack (4.2.4) lib/action_dispatch/middleware/request_id.rb:21:in `call'
  rack (1.6.4) lib/rack/methodoverride.rb:22:in `call'
  rack (1.6.4) lib/rack/runtime.rb:18:in `call'
  activesupport (4.2.4) lib/active_support/cache/strategy/local_cache_middleware.rb:28:in `call'
  rack (1.6.4) lib/rack/lock.rb:17:in `call'
  actionpack (4.2.4) lib/action_dispatch/middleware/static.rb:116:in `call'
  rack (1.6.4) lib/rack/sendfile.rb:113:in `call'
  railties (4.2.4) lib/rails/engine.rb:518:in `call'
  railties (4.2.4) lib/rails/application.rb:165:in `call'
  rack (1.6.4) lib/rack/lock.rb:17:in `call'
  rack (1.6.4) lib/rack/content_length.rb:15:in `call'
  rack (1.6.4) lib/rack/handler/webrick.rb:88:in `service'
  /System/Library/Frameworks/Ruby.framework/Versions/2.0/usr/lib/ruby/2.0.0/webrick/httpserver.rb:138:in `service'
  /System/Library/Frameworks/Ruby.framework/Versions/2.0/usr/lib/ruby/2.0.0/webrick/httpserver.rb:94:in `run'
  /System/Library/Frameworks/Ruby.framework/Versions/2.0/usr/lib/ruby/2.0.0/webrick/server.rb:295:in `block in start_thread'


  [1m[36m (1.8ms)[0m  [1mCREATE TABLE "schema_migrations" ("version" varchar NOT NULL) [0m
  [1m[35m (0.1ms)[0m  select sqlite_version(*)
  [1m[36m (1.8ms)[0m  [1mCREATE UNIQUE INDEX "unique_schema_migrations" ON "schema_migrations" ("version")[0m
  [1m[35mActiveRecord::SchemaMigration Load (0.1ms)[0m  SELECT "schema_migrations".* FROM "schema_migrations"
Migrating to CreateUrls (20151215082908)
  [1m[36m (0.1ms)[0m  [1mbegin transaction[0m
  [1m[35m (0.4ms)[0m  CREATE TABLE "urls" ("id" INTEGER PRIMARY KEY AUTOINCREMENT NOT NULL, "long_url" varchar NOT NULL, "short_partial_url" varchar NOT NULL, "clicks" integer DEFAULT 0, "created_at" datetime NOT NULL, "updated_at" datetime NOT NULL) 
  [1m[36m (0.3ms)[0m  [1mCREATE UNIQUE INDEX "index_urls_on_short_partial_url" ON "urls" ("short_partial_url")[0m
  [1m[35mSQL (0.1ms)[0m  INSERT INTO "schema_migrations" ("version") VALUES (?)  [["version", "20151215082908"]]
  [1m[36m (2.0ms)[0m  [1mcommit transaction[0m
  [1m[35mActiveRecord::SchemaMigration Load (0.1ms)[0m  SELECT "schema_migrations".* FROM "schema_migrations"
  [1m[36m (0.1ms)[0m  [1m            SELECT sql
            FROM sqlite_master
            WHERE name='index_urls_on_short_partial_url' AND type='index'
            UNION ALL
            SELECT sql
            FROM sqlite_temp_master
            WHERE name='index_urls_on_short_partial_url' AND type='index'
[0m

NoMethodError (undefined method `clicks' for nil:NilClass):
  app/controllers/urls_controller.rb:21:in `show'




Started GET "/urls/new" for ::1 at 2016-06-29 01:04:52 +0800
  [1m[36mActiveRecord::SchemaMigration Load (1.2ms)[0m  [1mSELECT "schema_migrations".* FROM "schema_migrations"[0m

AbstractController::ActionNotFound (The action 'new' could not be found for UrlsController):
  actionpack (4.2.4) lib/abstract_controller/base.rb:132:in `process'
  actionview (4.2.4) lib/action_view/rendering.rb:30:in `process'
  actionpack (4.2.4) lib/action_controller/metal.rb:196:in `dispatch'
  actionpack (4.2.4) lib/action_controller/metal/rack_delegation.rb:13:in `dispatch'
  actionpack (4.2.4) lib/action_controller/metal.rb:237:in `block in action'
  actionpack (4.2.4) lib/action_dispatch/routing/route_set.rb:76:in `call'
  actionpack (4.2.4) lib/action_dispatch/routing/route_set.rb:76:in `dispatch'
  actionpack (4.2.4) lib/action_dispatch/routing/route_set.rb:45:in `serve'
  actionpack (4.2.4) lib/action_dispatch/journey/router.rb:43:in `block in serve'
  actionpack (4.2.4) lib/action_dispatch/journey/router.rb:30:in `each'
  actionpack (4.2.4) lib/action_dispatch/journey/router.rb:30:in `serve'
  actionpack (4.2.4) lib/action_dispatch/routing/route_set.rb:821:in `call'
  meta_request (0.3.4) lib/meta_request/middlewares/app_request_handler.rb:13:in `call'
  meta_request (0.3.4) lib/meta_request/middlewares/meta_request_handler.rb:13:in `call'
  rack (1.6.4) lib/rack/etag.rb:24:in `call'
  rack (1.6.4) lib/rack/conditionalget.rb:25:in `call'
  rack (1.6.4) lib/rack/head.rb:13:in `call'
  actionpack (4.2.4) lib/action_dispatch/middleware/params_parser.rb:27:in `call'
  actionpack (4.2.4) lib/action_dispatch/middleware/flash.rb:260:in `call'
  rack (1.6.4) lib/rack/session/abstract/id.rb:225:in `context'
  rack (1.6.4) lib/rack/session/abstract/id.rb:220:in `call'
  actionpack (4.2.4) lib/action_dispatch/middleware/cookies.rb:560:in `call'
  activerecord (4.2.4) lib/active_record/query_cache.rb:36:in `call'
  activerecord (4.2.4) lib/active_record/connection_adapters/abstract/connection_pool.rb:653:in `call'
  activerecord (4.2.4) lib/active_record/migration.rb:377:in `call'
  actionpack (4.2.4) lib/action_dispatch/middleware/callbacks.rb:29:in `block in call'
  activesupport (4.2.4) lib/active_support/callbacks.rb:88:in `__run_callbacks__'
  activesupport (4.2.4) lib/active_support/callbacks.rb:778:in `_run_call_callbacks'
  activesupport (4.2.4) lib/active_support/callbacks.rb:81:in `run_callbacks'
  actionpack (4.2.4) lib/action_dispatch/middleware/callbacks.rb:27:in `call'
  actionpack (4.2.4) lib/action_dispatch/middleware/reloader.rb:73:in `call'
  actionpack (4.2.4) lib/action_dispatch/middleware/remote_ip.rb:78:in `call'
  rack-contrib (1.4.0) lib/rack/contrib/response_headers.rb:17:in `call'
  meta_request (0.3.4) lib/meta_request/middlewares/headers.rb:16:in `call'
  actionpack (4.2.4) lib/action_dispatch/middleware/debug_exceptions.rb:17:in `call'
  web-console (2.2.1) lib/web_console/middleware.rb:39:in `call'
  actionpack (4.2.4) lib/action_dispatch/middleware/show_exceptions.rb:30:in `call'
  railties (4.2.4) lib/rails/rack/logger.rb:38:in `call_app'
  railties (4.2.4) lib/rails/rack/logger.rb:20:in `block in call'
  activesupport (4.2.4) lib/active_support/tagged_logging.rb:68:in `block in tagged'
  activesupport (4.2.4) lib/active_support/tagged_logging.rb:26:in `tagged'
  activesupport (4.2.4) lib/active_support/tagged_logging.rb:68:in `tagged'
  railties (4.2.4) lib/rails/rack/logger.rb:20:in `call'
  quiet_assets (1.1.0) lib/quiet_assets.rb:27:in `call_with_quiet_assets'
  actionpack (4.2.4) lib/action_dispatch/middleware/request_id.rb:21:in `call'
  rack (1.6.4) lib/rack/methodoverride.rb:22:in `call'
  rack (1.6.4) lib/rack/runtime.rb:18:in `call'
  activesupport (4.2.4) lib/active_support/cache/strategy/local_cache_middleware.rb:28:in `call'
  rack (1.6.4) lib/rack/lock.rb:17:in `call'
  actionpack (4.2.4) lib/action_dispatch/middleware/static.rb:116:in `call'
  rack (1.6.4) lib/rack/sendfile.rb:113:in `call'
  railties (4.2.4) lib/rails/engine.rb:518:in `call'
  railties (4.2.4) lib/rails/application.rb:165:in `call'
  rack (1.6.4) lib/rack/lock.rb:17:in `call'
  rack (1.6.4) lib/rack/content_length.rb:15:in `call'
  rack (1.6.4) lib/rack/handler/webrick.rb:88:in `service'
  /System/Library/Frameworks/Ruby.framework/Versions/2.0/usr/lib/ruby/2.0.0/webrick/httpserver.rb:138:in `service'
  /System/Library/Frameworks/Ruby.framework/Versions/2.0/usr/lib/ruby/2.0.0/webrick/httpserver.rb:94:in `run'
  /System/Library/Frameworks/Ruby.framework/Versions/2.0/usr/lib/ruby/2.0.0/webrick/server.rb:295:in `block in start_thread'


  Rendered /Library/Ruby/Gems/2.0.0/gems/actionpack-4.2.4/lib/action_dispatch/middleware/templates/rescues/unknown_action.html.erb within rescues/layout (2.4ms)
  Rendered /Library/Ruby/Gems/2.0.0/gems/web-console-2.2.1/lib/web_console/templates/_markup.html.erb (0.7ms)
  Rendered /Library/Ruby/Gems/2.0.0/gems/web-console-2.2.1/lib/web_console/templates/_inner_console_markup.html.erb within layouts/inlined_string (0.6ms)
  Rendered /Library/Ruby/Gems/2.0.0/gems/web-console-2.2.1/lib/web_console/templates/_prompt_box_markup.html.erb within layouts/inlined_string (0.3ms)
  Rendered /Library/Ruby/Gems/2.0.0/gems/web-console-2.2.1/lib/web_console/templates/style.css.erb within layouts/inlined_string (0.3ms)
  Rendered /Library/Ruby/Gems/2.0.0/gems/web-console-2.2.1/lib/web_console/templates/console.js.erb within layouts/javascript (24.0ms)
  Rendered /Library/Ruby/Gems/2.0.0/gems/web-console-2.2.1/lib/web_console/templates/main.js.erb within layouts/javascript (0.3ms)
  Rendered /Library/Ruby/Gems/2.0.0/gems/web-console-2.2.1/lib/web_console/templates/error_page.js.erb within layouts/javascript (0.5ms)
  Rendered /Library/Ruby/Gems/2.0.0/gems/web-console-2.2.1/lib/web_console/templates/index.html.erb (54.7ms)


Started GET "/urls/1" for ::1 at 2016-06-29 01:04:58 +0800
Processing by UrlsController#show as HTML
  Parameters: {"id"=>"1"}
  [1m[35mUrl Load (1.5ms)[0m  SELECT  "urls".* FROM "urls" WHERE "urls"."short_partial_url" = ? LIMIT 1  [["short_partial_url", "urls/1"]]
Completed 500  in 41ms (ActiveRecord: 1.7ms)

NoMethodError (undefined method `clicks' for nil:NilClass):
  app/controllers/urls_controller.rb:21:in `show'


  Rendered /Library/Ruby/Gems/2.0.0/gems/actionpack-4.2.4/lib/action_dispatch/middleware/templates/rescues/_source.erb (4.4ms)
  Rendered /Library/Ruby/Gems/2.0.0/gems/actionpack-4.2.4/lib/action_dispatch/middleware/templates/rescues/_trace.html.erb (1.8ms)
  Rendered /Library/Ruby/Gems/2.0.0/gems/actionpack-4.2.4/lib/action_dispatch/middleware/templates/rescues/_request_and_response.html.erb (0.8ms)
  Rendered /Library/Ruby/Gems/2.0.0/gems/actionpack-4.2.4/lib/action_dispatch/middleware/templates/rescues/diagnostics.html.erb within rescues/layout (25.1ms)
  Rendered /Library/Ruby/Gems/2.0.0/gems/web-console-2.2.1/lib/web_console/templates/_markup.html.erb (0.3ms)
  Rendered /Library/Ruby/Gems/2.0.0/gems/web-console-2.2.1/lib/web_console/templates/_inner_console_markup.html.erb within layouts/inlined_string (0.3ms)
  Rendered /Library/Ruby/Gems/2.0.0/gems/web-console-2.2.1/lib/web_console/templates/_prompt_box_markup.html.erb within layouts/inlined_string (0.2ms)
  Rendered /Library/Ruby/Gems/2.0.0/gems/web-console-2.2.1/lib/web_console/templates/style.css.erb within layouts/inlined_string (0.3ms)
  Rendered /Library/Ruby/Gems/2.0.0/gems/web-console-2.2.1/lib/web_console/templates/console.js.erb within layouts/javascript (12.4ms)
  Rendered /Library/Ruby/Gems/2.0.0/gems/web-console-2.2.1/lib/web_console/templates/main.js.erb within layouts/javascript (0.3ms)
  Rendered /Library/Ruby/Gems/2.0.0/gems/web-console-2.2.1/lib/web_console/templates/error_page.js.erb within layouts/javascript (0.3ms)
  Rendered /Library/Ruby/Gems/2.0.0/gems/web-console-2.2.1/lib/web_console/templates/index.html.erb (31.0ms)


Started GET "/urls/show" for ::1 at 2016-06-29 01:05:05 +0800
Processing by UrlsController#show as HTML
  Parameters: {"id"=>"show"}
  [1m[36mUrl Load (0.1ms)[0m  [1mSELECT  "urls".* FROM "urls" WHERE "urls"."short_partial_url" = ? LIMIT 1[0m  [["short_partial_url", "urls/show"]]
Completed 500  in 3ms (ActiveRecord: 0.1ms)

NoMethodError (undefined method `clicks' for nil:NilClass):
  app/controllers/urls_controller.rb:21:in `show'


  Rendered /Library/Ruby/Gems/2.0.0/gems/actionpack-4.2.4/lib/action_dispatch/middleware/templates/rescues/_source.erb (3.8ms)
  Rendered /Library/Ruby/Gems/2.0.0/gems/actionpack-4.2.4/lib/action_dispatch/middleware/templates/rescues/_trace.html.erb (1.6ms)
  Rendered /Library/Ruby/Gems/2.0.0/gems/actionpack-4.2.4/lib/action_dispatch/middleware/templates/rescues/_request_and_response.html.erb (0.7ms)
  Rendered /Library/Ruby/Gems/2.0.0/gems/actionpack-4.2.4/lib/action_dispatch/middleware/templates/rescues/diagnostics.html.erb within rescues/layout (15.7ms)
  Rendered /Library/Ruby/Gems/2.0.0/gems/web-console-2.2.1/lib/web_console/templates/_markup.html.erb (0.3ms)
  Rendered /Library/Ruby/Gems/2.0.0/gems/web-console-2.2.1/lib/web_console/templates/_inner_console_markup.html.erb within layouts/inlined_string (0.2ms)
  Rendered /Library/Ruby/Gems/2.0.0/gems/web-console-2.2.1/lib/web_console/templates/_prompt_box_markup.html.erb within layouts/inlined_string (0.2ms)
  Rendered /Library/Ruby/Gems/2.0.0/gems/web-console-2.2.1/lib/web_console/templates/style.css.erb within layouts/inlined_string (0.3ms)
  Rendered /Library/Ruby/Gems/2.0.0/gems/web-console-2.2.1/lib/web_console/templates/console.js.erb within layouts/javascript (12.5ms)
  Rendered /Library/Ruby/Gems/2.0.0/gems/web-console-2.2.1/lib/web_console/templates/main.js.erb within layouts/javascript (0.2ms)
  Rendered /Library/Ruby/Gems/2.0.0/gems/web-console-2.2.1/lib/web_console/templates/error_page.js.erb within layouts/javascript (0.4ms)
  Rendered /Library/Ruby/Gems/2.0.0/gems/web-console-2.2.1/lib/web_console/templates/index.html.erb (26.1ms)


Started GET "/urls/create" for ::1 at 2016-06-29 01:05:14 +0800
Processing by UrlsController#show as HTML
  Parameters: {"id"=>"create"}
  [1m[35mUrl Load (0.1ms)[0m  SELECT  "urls".* FROM "urls" WHERE "urls"."short_partial_url" = ? LIMIT 1  [["short_partial_url", "urls/create"]]
Completed 500  in 3ms (ActiveRecord: 0.1ms)

NoMethodError (undefined method `clicks' for nil:NilClass):
  app/controllers/urls_controller.rb:21:in `show'


  Rendered /Library/Ruby/Gems/2.0.0/gems/actionpack-4.2.4/lib/action_dispatch/middleware/templates/rescues/_source.erb (3.8ms)
  Rendered /Library/Ruby/Gems/2.0.0/gems/actionpack-4.2.4/lib/action_dispatch/middleware/templates/rescues/_trace.html.erb (1.7ms)
  Rendered /Library/Ruby/Gems/2.0.0/gems/actionpack-4.2.4/lib/action_dispatch/middleware/templates/rescues/_request_and_response.html.erb (0.7ms)
  Rendered /Library/Ruby/Gems/2.0.0/gems/actionpack-4.2.4/lib/action_dispatch/middleware/templates/rescues/diagnostics.html.erb within rescues/layout (16.1ms)
  Rendered /Library/Ruby/Gems/2.0.0/gems/web-console-2.2.1/lib/web_console/templates/_markup.html.erb (0.3ms)
  Rendered /Library/Ruby/Gems/2.0.0/gems/web-console-2.2.1/lib/web_console/templates/_inner_console_markup.html.erb within layouts/inlined_string (0.2ms)
  Rendered /Library/Ruby/Gems/2.0.0/gems/web-console-2.2.1/lib/web_console/templates/_prompt_box_markup.html.erb within layouts/inlined_string (0.2ms)
  Rendered /Library/Ruby/Gems/2.0.0/gems/web-console-2.2.1/lib/web_console/templates/style.css.erb within layouts/inlined_string (0.3ms)
  Rendered /Library/Ruby/Gems/2.0.0/gems/web-console-2.2.1/lib/web_console/templates/console.js.erb within layouts/javascript (12.2ms)
  Rendered /Library/Ruby/Gems/2.0.0/gems/web-console-2.2.1/lib/web_console/templates/main.js.erb within layouts/javascript (0.2ms)
  Rendered /Library/Ruby/Gems/2.0.0/gems/web-console-2.2.1/lib/web_console/templates/error_page.js.erb within layouts/javascript (0.4ms)
  Rendered /Library/Ruby/Gems/2.0.0/gems/web-console-2.2.1/lib/web_console/templates/index.html.erb (26.3ms)


Started GET "/urls/new" for ::1 at 2016-06-29 01:05:58 +0800

AbstractController::ActionNotFound (The action 'new' could not be found for UrlsController):
  actionpack (4.2.4) lib/abstract_controller/base.rb:132:in `process'
  actionview (4.2.4) lib/action_view/rendering.rb:30:in `process'
  actionpack (4.2.4) lib/action_controller/metal.rb:196:in `dispatch'
  actionpack (4.2.4) lib/action_controller/metal/rack_delegation.rb:13:in `dispatch'
  actionpack (4.2.4) lib/action_controller/metal.rb:237:in `block in action'
  actionpack (4.2.4) lib/action_dispatch/routing/route_set.rb:76:in `call'
  actionpack (4.2.4) lib/action_dispatch/routing/route_set.rb:76:in `dispatch'
  actionpack (4.2.4) lib/action_dispatch/routing/route_set.rb:45:in `serve'
  actionpack (4.2.4) lib/action_dispatch/journey/router.rb:43:in `block in serve'
  actionpack (4.2.4) lib/action_dispatch/journey/router.rb:30:in `each'
  actionpack (4.2.4) lib/action_dispatch/journey/router.rb:30:in `serve'
  actionpack (4.2.4) lib/action_dispatch/routing/route_set.rb:821:in `call'
  meta_request (0.3.4) lib/meta_request/middlewares/app_request_handler.rb:13:in `call'
  meta_request (0.3.4) lib/meta_request/middlewares/meta_request_handler.rb:13:in `call'
  rack (1.6.4) lib/rack/etag.rb:24:in `call'
  rack (1.6.4) lib/rack/conditionalget.rb:25:in `call'
  rack (1.6.4) lib/rack/head.rb:13:in `call'
  actionpack (4.2.4) lib/action_dispatch/middleware/params_parser.rb:27:in `call'
  actionpack (4.2.4) lib/action_dispatch/middleware/flash.rb:260:in `call'
  rack (1.6.4) lib/rack/session/abstract/id.rb:225:in `context'
  rack (1.6.4) lib/rack/session/abstract/id.rb:220:in `call'
  actionpack (4.2.4) lib/action_dispatch/middleware/cookies.rb:560:in `call'
  activerecord (4.2.4) lib/active_record/query_cache.rb:36:in `call'
  activerecord (4.2.4) lib/active_record/connection_adapters/abstract/connection_pool.rb:653:in `call'
  activerecord (4.2.4) lib/active_record/migration.rb:377:in `call'
  actionpack (4.2.4) lib/action_dispatch/middleware/callbacks.rb:29:in `block in call'
  activesupport (4.2.4) lib/active_support/callbacks.rb:88:in `__run_callbacks__'
  activesupport (4.2.4) lib/active_support/callbacks.rb:778:in `_run_call_callbacks'
  activesupport (4.2.4) lib/active_support/callbacks.rb:81:in `run_callbacks'
  actionpack (4.2.4) lib/action_dispatch/middleware/callbacks.rb:27:in `call'
  actionpack (4.2.4) lib/action_dispatch/middleware/reloader.rb:73:in `call'
  actionpack (4.2.4) lib/action_dispatch/middleware/remote_ip.rb:78:in `call'
  rack-contrib (1.4.0) lib/rack/contrib/response_headers.rb:17:in `call'
  meta_request (0.3.4) lib/meta_request/middlewares/headers.rb:16:in `call'
  actionpack (4.2.4) lib/action_dispatch/middleware/debug_exceptions.rb:17:in `call'
  web-console (2.2.1) lib/web_console/middleware.rb:39:in `call'
  actionpack (4.2.4) lib/action_dispatch/middleware/show_exceptions.rb:30:in `call'
  railties (4.2.4) lib/rails/rack/logger.rb:38:in `call_app'
  railties (4.2.4) lib/rails/rack/logger.rb:20:in `block in call'
  activesupport (4.2.4) lib/active_support/tagged_logging.rb:68:in `block in tagged'
  activesupport (4.2.4) lib/active_support/tagged_logging.rb:26:in `tagged'
  activesupport (4.2.4) lib/active_support/tagged_logging.rb:68:in `tagged'
  railties (4.2.4) lib/rails/rack/logger.rb:20:in `call'
  quiet_assets (1.1.0) lib/quiet_assets.rb:27:in `call_with_quiet_assets'
  actionpack (4.2.4) lib/action_dispatch/middleware/request_id.rb:21:in `call'
  rack (1.6.4) lib/rack/methodoverride.rb:22:in `call'
  rack (1.6.4) lib/rack/runtime.rb:18:in `call'
  activesupport (4.2.4) lib/active_support/cache/strategy/local_cache_middleware.rb:28:in `call'
  rack (1.6.4) lib/rack/lock.rb:17:in `call'
  actionpack (4.2.4) lib/action_dispatch/middleware/static.rb:116:in `call'
  rack (1.6.4) lib/rack/sendfile.rb:113:in `call'
  railties (4.2.4) lib/rails/engine.rb:518:in `call'
  railties (4.2.4) lib/rails/application.rb:165:in `call'
  rack (1.6.4) lib/rack/lock.rb:17:in `call'
  rack (1.6.4) lib/rack/content_length.rb:15:in `call'
  rack (1.6.4) lib/rack/handler/webrick.rb:88:in `service'
  /System/Library/Frameworks/Ruby.framework/Versions/2.0/usr/lib/ruby/2.0.0/webrick/httpserver.rb:138:in `service'
  /System/Library/Frameworks/Ruby.framework/Versions/2.0/usr/lib/ruby/2.0.0/webrick/httpserver.rb:94:in `run'
  /System/Library/Frameworks/Ruby.framework/Versions/2.0/usr/lib/ruby/2.0.0/webrick/server.rb:295:in `block in start_thread'


  Rendered /Library/Ruby/Gems/2.0.0/gems/actionpack-4.2.4/lib/action_dispatch/middleware/templates/rescues/unknown_action.html.erb within rescues/layout (0.4ms)
  Rendered /Library/Ruby/Gems/2.0.0/gems/web-console-2.2.1/lib/web_console/templates/_markup.html.erb (0.3ms)
  Rendered /Library/Ruby/Gems/2.0.0/gems/web-console-2.2.1/lib/web_console/templates/_inner_console_markup.html.erb within layouts/inlined_string (0.3ms)
  Rendered /Library/Ruby/Gems/2.0.0/gems/web-console-2.2.1/lib/web_console/templates/_prompt_box_markup.html.erb within layouts/inlined_string (0.3ms)
  Rendered /Library/Ruby/Gems/2.0.0/gems/web-console-2.2.1/lib/web_console/templates/style.css.erb within layouts/inlined_string (0.3ms)
  Rendered /Library/Ruby/Gems/2.0.0/gems/web-console-2.2.1/lib/web_console/templates/console.js.erb within layouts/javascript (16.5ms)
  Rendered /Library/Ruby/Gems/2.0.0/gems/web-console-2.2.1/lib/web_console/templates/main.js.erb within layouts/javascript (0.2ms)
  Rendered /Library/Ruby/Gems/2.0.0/gems/web-console-2.2.1/lib/web_console/templates/error_page.js.erb within layouts/javascript (0.4ms)
  Rendered /Library/Ruby/Gems/2.0.0/gems/web-console-2.2.1/lib/web_console/templates/index.html.erb (33.7ms)


Started GET "/urls/" for ::1 at 2016-06-29 01:06:12 +0800
Processing by UrlsController#index as HTML
  [1m[36mUrl Load (1.4ms)[0m  [1mSELECT "urls".* FROM "urls"[0m
  Rendered urls/index.html.erb within layouts/application (81.2ms)
Completed 200 OK in 1420ms (Views: 1411.7ms | ActiveRecord: 1.7ms)


Started POST "/urls" for ::1 at 2016-06-29 01:06:28 +0800
Processing by UrlsController#create as HTML
  Parameters: {"utf8"=>"✓", "authenticity_token"=>"WCOWySiivOunGzgRb0dbZzbiFQTmPEihFQkZvEuu91vc3/ougF3Cfl3+zc22LYIGMTyWg0kW5qzzzb5Oj2mcVQ==", "url"=>{"long_url"=>"https://developer.android.com/guide/topics/sensors/sensors_overview.html"}, "commit"=>"Create Url"}
  [1m[35m (0.1ms)[0m  begin transaction
  [1m[36mSQL (1.5ms)[0m  [1mINSERT INTO "urls" ("long_url", "short_partial_url", "created_at", "updated_at") VALUES (?, ?, ?, ?)[0m  [["long_url", "https://developer.android.com/guide/topics/sensors/sensors_overview.html"], ["short_partial_url", "dfa9b0"], ["created_at", "2016-06-28 17:06:28.878322"], ["updated_at", "2016-06-28 17:06:28.878322"]]
  [1m[35m (1.6ms)[0m  commit transaction
Redirected to http://localhost:3000/urls
Completed 302 Found in 13ms (ActiveRecord: 3.2ms)


Started GET "/urls" for ::1 at 2016-06-29 01:06:28 +0800
Processing by UrlsController#index as HTML
  [1m[36mUrl Load (0.2ms)[0m  [1mSELECT "urls".* FROM "urls"[0m
  Rendered urls/index.html.erb within layouts/application (4.3ms)
Completed 200 OK in 33ms (Views: 31.6ms | ActiveRecord: 0.2ms)


Started GET "/dfa9b0" for ::1 at 2016-06-29 01:06:33 +0800
Processing by UrlsController#show as HTML
  Parameters: {"path"=>"dfa9b0"}
  [1m[35mUrl Load (0.1ms)[0m  SELECT  "urls".* FROM "urls" WHERE "urls"."short_partial_url" = ? LIMIT 1  [["short_partial_url", "dfa9b0"]]
  [1m[36m (0.1ms)[0m  [1mbegin transaction[0m
  [1m[35mSQL (0.3ms)[0m  UPDATE "urls" SET "clicks" = ?, "updated_at" = ? WHERE "urls"."id" = ?  [["clicks", 1], ["updated_at", "2016-06-28 17:06:33.517554"], ["id", 1]]
  [1m[36m (1.5ms)[0m  [1mcommit transaction[0m
Redirected to https://developer.android.com/guide/topics/sensors/sensors_overview.html
Completed 403 Forbidden in 12ms (ActiveRecord: 2.0ms)


Started GET "/dfa9b0" for ::1 at 2016-06-29 01:06:38 +0800
Processing by UrlsController#show as HTML
  Parameters: {"path"=>"dfa9b0"}
  [1m[35mUrl Load (0.1ms)[0m  SELECT  "urls".* FROM "urls" WHERE "urls"."short_partial_url" = ? LIMIT 1  [["short_partial_url", "dfa9b0"]]
  [1m[36m (0.1ms)[0m  [1mbegin transaction[0m
  [1m[35mSQL (0.2ms)[0m  UPDATE "urls" SET "clicks" = ?, "updated_at" = ? WHERE "urls"."id" = ?  [["clicks", 2], ["updated_at", "2016-06-28 17:06:38.070955"], ["id", 1]]
  [1m[36m (1.7ms)[0m  [1mcommit transaction[0m
Redirected to https://developer.android.com/guide/topics/sensors/sensors_overview.html
Completed 403 Forbidden in 11ms (ActiveRecord: 2.1ms)


Started GET "/dfa9b0" for ::1 at 2016-06-29 01:06:41 +0800
Processing by UrlsController#show as HTML
  Parameters: {"path"=>"dfa9b0"}
  [1m[35mUrl Load (0.2ms)[0m  SELECT  "urls".* FROM "urls" WHERE "urls"."short_partial_url" = ? LIMIT 1  [["short_partial_url", "dfa9b0"]]
  [1m[36m (0.1ms)[0m  [1mbegin transaction[0m
  [1m[35mSQL (0.3ms)[0m  UPDATE "urls" SET "clicks" = ?, "updated_at" = ? WHERE "urls"."id" = ?  [["clicks", 3], ["updated_at", "2016-06-28 17:06:41.928072"], ["id", 1]]
  [1m[36m (1.7ms)[0m  [1mcommit transaction[0m
Redirected to https://developer.android.com/guide/topics/sensors/sensors_overview.html
Completed 301 Moved Permanently in 15ms (ActiveRecord: 2.3ms)


Started GET "/urls" for ::1 at 2016-06-29 01:06:43 +0800
Processing by UrlsController#index as HTML
  [1m[35mUrl Load (0.2ms)[0m  SELECT "urls".* FROM "urls"
  Rendered urls/index.html.erb within layouts/application (4.0ms)
Completed 200 OK in 35ms (Views: 33.7ms | ActiveRecord: 0.2ms)


Started GET "/urls/" for ::1 at 2016-06-29 01:06:55 +0800
Processing by UrlsController#index as HTML
  [1m[36mUrl Load (0.1ms)[0m  [1mSELECT "urls".* FROM "urls"[0m
  Rendered urls/index.html.erb within layouts/application (3.1ms)
Completed 200 OK in 28ms (Views: 26.4ms | ActiveRecord: 0.1ms)


Started GET "/urls/1" for ::1 at 2016-06-29 01:06:57 +0800
Processing by UrlsController#show as HTML
  Parameters: {"id"=>"1"}
  [1m[35mUrl Load (0.1ms)[0m  SELECT  "urls".* FROM "urls" WHERE "urls"."short_partial_url" = ? LIMIT 1  [["short_partial_url", "urls/1"]]
Completed 500  in 3ms (ActiveRecord: 0.1ms)

NoMethodError (undefined method `clicks' for nil:NilClass):
  app/controllers/urls_controller.rb:21:in `show'


  Rendered /Library/Ruby/Gems/2.0.0/gems/actionpack-4.2.4/lib/action_dispatch/middleware/templates/rescues/_source.erb (4.1ms)
  Rendered /Library/Ruby/Gems/2.0.0/gems/actionpack-4.2.4/lib/action_dispatch/middleware/templates/rescues/_trace.html.erb (1.7ms)
  Rendered /Library/Ruby/Gems/2.0.0/gems/actionpack-4.2.4/lib/action_dispatch/middleware/templates/rescues/_request_and_response.html.erb (0.9ms)
  Rendered /Library/Ruby/Gems/2.0.0/gems/actionpack-4.2.4/lib/action_dispatch/middleware/templates/rescues/diagnostics.html.erb within rescues/layout (22.7ms)
  Rendered /Library/Ruby/Gems/2.0.0/gems/web-console-2.2.1/lib/web_console/templates/_markup.html.erb (0.4ms)
  Rendered /Library/Ruby/Gems/2.0.0/gems/web-console-2.2.1/lib/web_console/templates/_inner_console_markup.html.erb within layouts/inlined_string (0.3ms)
  Rendered /Library/Ruby/Gems/2.0.0/gems/web-console-2.2.1/lib/web_console/templates/_prompt_box_markup.html.erb within layouts/inlined_string (0.5ms)
  Rendered /Library/Ruby/Gems/2.0.0/gems/web-console-2.2.1/lib/web_console/templates/style.css.erb within layouts/inlined_string (0.3ms)
  Rendered /Library/Ruby/Gems/2.0.0/gems/web-console-2.2.1/lib/web_console/templates/console.js.erb within layouts/javascript (18.6ms)
  Rendered /Library/Ruby/Gems/2.0.0/gems/web-console-2.2.1/lib/web_console/templates/main.js.erb within layouts/javascript (0.3ms)
  Rendered /Library/Ruby/Gems/2.0.0/gems/web-console-2.2.1/lib/web_console/templates/error_page.js.erb within layouts/javascript (0.5ms)
  Rendered /Library/Ruby/Gems/2.0.0/gems/web-console-2.2.1/lib/web_console/templates/index.html.erb (40.1ms)


Started GET "/dfa9b0" for ::1 at 2016-06-29 01:07:10 +0800
Processing by UrlsController#show as HTML
  Parameters: {"path"=>"dfa9b0"}
  [1m[36mUrl Load (0.1ms)[0m  [1mSELECT  "urls".* FROM "urls" WHERE "urls"."short_partial_url" = ? LIMIT 1[0m  [["short_partial_url", "dfa9b0"]]
  [1m[35m (0.1ms)[0m  begin transaction
  [1m[36mSQL (0.4ms)[0m  [1mUPDATE "urls" SET "clicks" = ?, "updated_at" = ? WHERE "urls"."id" = ?[0m  [["clicks", 4], ["updated_at", "2016-06-28 17:07:11.048907"], ["id", 1]]
  [1m[35m (4.5ms)[0m  commit transaction
Redirected to https://developer.android.com/guide/topics/sensors/sensors_overview.html
Completed 403 Forbidden in 92ms (ActiveRecord: 5.1ms)


Started GET "/urls/" for ::1 at 2016-06-29 19:44:16 +0800
  [1m[36mActiveRecord::SchemaMigration Load (1.5ms)[0m  [1mSELECT "schema_migrations".* FROM "schema_migrations"[0m
Processing by UrlsController#index as HTML
  [1m[35mUrl Load (1.5ms)[0m  SELECT "urls".* FROM "urls"
  Rendered urls/index.html.erb within layouts/application (37.3ms)
Completed 200 OK in 453ms (Views: 380.2ms | ActiveRecord: 2.1ms)


Started POST "/urls" for ::1 at 2016-06-29 20:06:10 +0800
Processing by UrlsController#create as HTML
  Parameters: {"utf8"=>"✓", "authenticity_token"=>"5qGoGpewsBctnN4byXcxi+SBBW4MeLWn/Awa+ofhP7ViXcT9P0/Ogtd5K8cQHejq41+G6aNSG6oayL0IQyZUuw==", "url"=>{"long_url"=>"https://github.com/awesome-jobs/vietnam/issues"}, "commit"=>"Create Url"}
  [1m[36m (0.8ms)[0m  [1mbegin transaction[0m
  [1m[35mSQL (2.4ms)[0m  INSERT INTO "urls" ("long_url", "short_partial_url", "created_at", "updated_at") VALUES (?, ?, ?, ?)  [["long_url", "https://github.com/awesome-jobs/vietnam/issues"], ["short_partial_url", "092f15"], ["created_at", "2016-06-29 12:06:10.278938"], ["updated_at", "2016-06-29 12:06:10.278938"]]
  [1m[36m (1.5ms)[0m  [1mcommit transaction[0m
Redirected to http://localhost:3000/urls
Completed 302 Found in 40ms (ActiveRecord: 4.7ms)


Started GET "/urls" for ::1 at 2016-06-29 20:06:10 +0800
Processing by UrlsController#index as HTML
  [1m[35mUrl Load (0.2ms)[0m  SELECT "urls".* FROM "urls"
  Rendered urls/index.html.erb within layouts/application (7.5ms)
Completed 200 OK in 65ms (Views: 63.2ms | ActiveRecord: 0.2ms)


Started GET "/092f15" for ::1 at 2016-06-29 20:06:13 +0800
Processing by UrlsController#show as HTML
  Parameters: {"path"=>"092f15"}
  [1m[36mUrl Load (0.2ms)[0m  [1mSELECT  "urls".* FROM "urls" WHERE "urls"."short_partial_url" = ? LIMIT 1[0m  [["short_partial_url", "092f15"]]
  [1m[35m (0.1ms)[0m  begin transaction
  [1m[36mSQL (0.3ms)[0m  [1mUPDATE "urls" SET "clicks" = ?, "updated_at" = ? WHERE "urls"."id" = ?[0m  [["clicks", 1], ["updated_at", "2016-06-29 12:06:13.550241"], ["id", 2]]
  [1m[35m (1.7ms)[0m  commit transaction
Redirected to https://github.com/awesome-jobs/vietnam/issues
Completed 403 Forbidden in 38ms (ActiveRecord: 2.3ms)


Started GET "/urls" for ::1 at 2016-06-29 20:06:18 +0800
Processing by UrlsController#index as HTML
  [1m[36mUrl Load (0.2ms)[0m  [1mSELECT "urls".* FROM "urls"[0m
  Rendered urls/index.html.erb within layouts/application (4.4ms)
Completed 200 OK in 32ms (Views: 31.2ms | ActiveRecord: 0.2ms)
  [1m[36mActiveRecord::SchemaMigration Load (1.2ms)[0m  [1mSELECT "schema_migrations".* FROM "schema_migrations"[0m
  [1m[35mActiveRecord::SchemaMigration Load (0.3ms)[0m  SELECT "schema_migrations".* FROM "schema_migrations"
  [1m[36m (0.2ms)[0m  [1m            SELECT sql
            FROM sqlite_master
            WHERE name='index_urls_on_short_partial_url' AND type='index'
            UNION ALL
            SELECT sql
            FROM sqlite_temp_master
            WHERE name='index_urls_on_short_partial_url' AND type='index'
[0m
  [1m[36m (2.7ms)[0m  [1mCREATE TABLE "urls" ("id" INTEGER PRIMARY KEY AUTOINCREMENT NOT NULL, "long_url" varchar NOT NULL, "short_partial_url" varchar NOT NULL, "clicks" integer DEFAULT 0, "created_at" datetime NOT NULL, "updated_at" datetime NOT NULL) [0m
  [1m[35m (0.1ms)[0m  select sqlite_version(*)
  [1m[36m (1.7ms)[0m  [1mCREATE UNIQUE INDEX "index_urls_on_short_partial_url" ON "urls" ("short_partial_url")[0m
  [1m[35m (1.6ms)[0m  CREATE TABLE "schema_migrations" ("version" varchar NOT NULL) 
  [1m[36m (2.6ms)[0m  [1mCREATE UNIQUE INDEX "unique_schema_migrations" ON "schema_migrations" ("version")[0m
  [1m[35m (0.1ms)[0m  SELECT version FROM "schema_migrations"
  [1m[36m (1.6ms)[0m  [1mINSERT INTO "schema_migrations" (version) VALUES ('20151215082908')[0m
  [1m[35m (1.8ms)[0m  CREATE TABLE "urls" ("id" INTEGER PRIMARY KEY AUTOINCREMENT NOT NULL, "long_url" varchar NOT NULL, "short_partial_url" varchar NOT NULL, "clicks" integer DEFAULT 0, "created_at" datetime NOT NULL, "updated_at" datetime NOT NULL) 
  [1m[36m (0.1ms)[0m  [1mselect sqlite_version(*)[0m
  [1m[35m (2.0ms)[0m  CREATE UNIQUE INDEX "index_urls_on_short_partial_url" ON "urls" ("short_partial_url")
  [1m[36m (1.9ms)[0m  [1mCREATE TABLE "schema_migrations" ("version" varchar NOT NULL) [0m
  [1m[35m (1.8ms)[0m  CREATE UNIQUE INDEX "unique_schema_migrations" ON "schema_migrations" ("version")
  [1m[36m (0.1ms)[0m  [1mSELECT version FROM "schema_migrations"[0m
  [1m[35m (2.2ms)[0m  INSERT INTO "schema_migrations" (version) VALUES ('20151215082908')
  [1m[36mActiveRecord::SchemaMigration Load (0.1ms)[0m  [1mSELECT "schema_migrations".* FROM "schema_migrations"[0m
  [1m[36mActiveRecord::SchemaMigration Load (0.1ms)[0m  [1mSELECT "schema_migrations".* FROM "schema_migrations"[0m
  [1m[35mActiveRecord::SchemaMigration Load (0.1ms)[0m  SELECT "schema_migrations".* FROM "schema_migrations"
  [1m[36m (0.1ms)[0m  [1m            SELECT sql
            FROM sqlite_master
            WHERE name='index_urls_on_short_partial_url' AND type='index'
            UNION ALL
            SELECT sql
            FROM sqlite_temp_master
            WHERE name='index_urls_on_short_partial_url' AND type='index'
[0m
  [1m[36mActiveRecord::SchemaMigration Load (1.5ms)[0m  [1mSELECT "schema_migrations".* FROM "schema_migrations"[0m
  [1m[35mActiveRecord::SchemaMigration Load (0.1ms)[0m  SELECT "schema_migrations".* FROM "schema_migrations"
  [1m[36m (0.1ms)[0m  [1m            SELECT sql
            FROM sqlite_master
            WHERE name='index_urls_on_short_partial_url' AND type='index'
            UNION ALL
            SELECT sql
            FROM sqlite_temp_master
            WHERE name='index_urls_on_short_partial_url' AND type='index'
[0m
  [1m[36mActiveRecord::SchemaMigration Load (1.3ms)[0m  [1mSELECT "schema_migrations".* FROM "schema_migrations"[0m
  [1m[35mActiveRecord::SchemaMigration Load (0.1ms)[0m  SELECT "schema_migrations".* FROM "schema_migrations"
  [1m[36m (0.1ms)[0m  [1m            SELECT sql
            FROM sqlite_master
            WHERE name='index_urls_on_short_partial_url' AND type='index'
            UNION ALL
            SELECT sql
            FROM sqlite_temp_master
            WHERE name='index_urls_on_short_partial_url' AND type='index'
[0m
  [1m[36mActiveRecord::SchemaMigration Load (0.1ms)[0m  [1mSELECT "schema_migrations".* FROM "schema_migrations"[0m
  [1m[35mActiveRecord::SchemaMigration Load (0.1ms)[0m  SELECT "schema_migrations".* FROM "schema_migrations"
  [1m[36m (0.1ms)[0m  [1m            SELECT sql
            FROM sqlite_master
            WHERE name='index_urls_on_short_partial_url' AND type='index'
            UNION ALL
            SELECT sql
            FROM sqlite_temp_master
            WHERE name='index_urls_on_short_partial_url' AND type='index'
[0m
  [1m[36mActiveRecord::SchemaMigration Load (0.1ms)[0m  [1mSELECT "schema_migrations".* FROM "schema_migrations"[0m
  [1m[35mActiveRecord::SchemaMigration Load (0.1ms)[0m  SELECT "schema_migrations".* FROM "schema_migrations"
  [1m[36m (0.1ms)[0m  [1m            SELECT sql
            FROM sqlite_master
            WHERE name='index_urls_on_short_partial_url' AND type='index'
            UNION ALL
            SELECT sql
            FROM sqlite_temp_master
            WHERE name='index_urls_on_short_partial_url' AND type='index'
[0m
  [1m[36mActiveRecord::SchemaMigration Load (0.1ms)[0m  [1mSELECT "schema_migrations".* FROM "schema_migrations"[0m
Migrating to CreateUrlIps (20160629125511)
  [1m[35m (0.1ms)[0m  begin transaction
  [1m[36m (0.1ms)[0m  [1mrollback transaction[0m
  [1m[36mActiveRecord::SchemaMigration Load (0.1ms)[0m  [1mSELECT "schema_migrations".* FROM "schema_migrations"[0m
Migrating to CreateUrlIps (20160629125511)
  [1m[35m (0.1ms)[0m  begin transaction
  [1m[36m (0.4ms)[0m  [1mCREATE TABLE "url_ips" ("id" INTEGER PRIMARY KEY AUTOINCREMENT NOT NULL, "url_id" integer, "ip_address" integer, "created_at" datetime NOT NULL, "updated_at" datetime NOT NULL) [0m
  [1m[35mSQL (0.3ms)[0m  INSERT INTO "schema_migrations" ("version") VALUES (?)  [["version", "20160629125511"]]
  [1m[36m (1.6ms)[0m  [1mcommit transaction[0m
  [1m[35mActiveRecord::SchemaMigration Load (0.1ms)[0m  SELECT "schema_migrations".* FROM "schema_migrations"
  [1m[36m (0.2ms)[0m  [1m            SELECT sql
            FROM sqlite_master
            WHERE name='index_urls_on_short_partial_url' AND type='index'
            UNION ALL
            SELECT sql
            FROM sqlite_temp_master
            WHERE name='index_urls_on_short_partial_url' AND type='index'
[0m


Started GET "/urls" for ::1 at 2016-06-29 21:05:35 +0800
  [1m[36mActiveRecord::SchemaMigration Load (0.2ms)[0m  [1mSELECT "schema_migrations".* FROM "schema_migrations"[0m
Processing by UrlsController#index as HTML
  [1m[35mUrl Load (0.2ms)[0m  SELECT "urls".* FROM "urls"
  Rendered urls/index.html.erb within layouts/application (39.6ms)
Completed 200 OK in 379ms (Views: 348.4ms | ActiveRecord: 0.5ms)


Started POST "/urls" for ::1 at 2016-06-29 21:05:41 +0800
Processing by UrlsController#create as HTML
  Parameters: {"utf8"=>"✓", "authenticity_token"=>"llv/Xv2d6Jr9mBuER20abJQFo6+N+wUgh2UcWbk/Y6YSp5O5VWKWDwd97lieB8MNk9sgKCLRqy1hoburffgIqA==", "url"=>{"long_url"=>"http://www.ig.com/au/ig-indices/australia-200"}, "commit"=>"Create Url"}
  [1m[36m (0.1ms)[0m  [1mbegin transaction[0m
  [1m[35mSQL (0.4ms)[0m  INSERT INTO "url_ips" ("ip_address", "created_at", "updated_at") VALUES (?, ?, ?)  [["ip_address", 0], ["created_at", "2016-06-29 13:05:41.619160"], ["updated_at", "2016-06-29 13:05:41.619160"]]
  [1m[36m (1.6ms)[0m  [1mcommit transaction[0m
  [1m[35m (0.1ms)[0m  begin transaction
  [1m[36mSQL (0.4ms)[0m  [1mINSERT INTO "urls" ("long_url", "short_partial_url", "created_at", "updated_at") VALUES (?, ?, ?, ?)[0m  [["long_url", "http://www.ig.com/au/ig-indices/australia-200"], ["short_partial_url", "3e3568"], ["created_at", "2016-06-29 13:05:41.630613"], ["updated_at", "2016-06-29 13:05:41.630613"]]
  [1m[35m (1.7ms)[0m  commit transaction
Redirected to http://localhost:3000/urls
Completed 302 Found in 33ms (ActiveRecord: 4.4ms)


Started GET "/urls" for ::1 at 2016-06-29 21:05:41 +0800
Processing by UrlsController#index as HTML
  [1m[36mUrl Load (0.2ms)[0m  [1mSELECT "urls".* FROM "urls"[0m
  Rendered urls/index.html.erb within layouts/application (3.7ms)
Completed 200 OK in 32ms (Views: 30.4ms | ActiveRecord: 0.2ms)


Started GET "/3e3568" for ::1 at 2016-06-29 21:05:43 +0800
Processing by UrlsController#show as HTML
  Parameters: {"path"=>"3e3568"}
  [1m[35mUrl Load (0.3ms)[0m  SELECT  "urls".* FROM "urls" WHERE "urls"."short_partial_url" = ? LIMIT 1  [["short_partial_url", "3e3568"]]
  [1m[36m (0.1ms)[0m  [1mbegin transaction[0m
  [1m[35mSQL (0.3ms)[0m  UPDATE "urls" SET "clicks" = ?, "updated_at" = ? WHERE "urls"."id" = ?  [["clicks", 1], ["updated_at", "2016-06-29 13:05:43.514200"], ["id", 1]]
  [1m[36m (1.9ms)[0m  [1mcommit transaction[0m
Redirected to http://www.ig.com/au/ig-indices/australia-200
Completed 403 Forbidden in 24ms (ActiveRecord: 2.5ms)


Started GET "/urls" for ::1 at 2016-06-29 21:06:36 +0800
Processing by UrlsController#index as HTML
  [1m[35mUrl Load (0.2ms)[0m  SELECT "urls".* FROM "urls"
  Rendered urls/index.html.erb within layouts/application (5.5ms)
Completed 200 OK in 60ms (Views: 46.0ms | ActiveRecord: 0.9ms)


Started POST "/urls" for ::1 at 2016-06-29 21:06:48 +0800
Processing by UrlsController#create as HTML
  Parameters: {"utf8"=>"✓", "authenticity_token"=>"/125WRaxlFjbWmfy1wcznoreDEpnQrTNyzH9q1jQDpd7odW+vk7qzSG/ki4Ober/jQCPzchoGsAt9VpZnBdlmQ==", "url"=>{"long_url"=>"http://www.ig.com/uk/ig-indices/us-tech-100"}, "commit"=>"Create Url"}
  [1m[36m (0.1ms)[0m  [1mbegin transaction[0m
  [1m[35mSQL (0.3ms)[0m  INSERT INTO "url_ips" ("ip_address", "created_at", "updated_at") VALUES (?, ?, ?)  [["ip_address", 0], ["created_at", "2016-06-29 13:06:48.225678"], ["updated_at", "2016-06-29 13:06:48.225678"]]
  [1m[36m (1.5ms)[0m  [1mcommit transaction[0m
  [1m[35m (0.1ms)[0m  begin transaction
  [1m[36mSQL (0.4ms)[0m  [1mINSERT INTO "urls" ("long_url", "short_partial_url", "created_at", "updated_at") VALUES (?, ?, ?, ?)[0m  [["long_url", "http://www.ig.com/uk/ig-indices/us-tech-100"], ["short_partial_url", "c42076"], ["created_at", "2016-06-29 13:06:48.233717"], ["updated_at", "2016-06-29 13:06:48.233717"]]
  [1m[35m (1.6ms)[0m  commit transaction
Redirected to http://localhost:3000/urls
Completed 302 Found in 29ms (ActiveRecord: 4.2ms)


Started GET "/urls" for ::1 at 2016-06-29 21:06:48 +0800
Processing by UrlsController#index as HTML
  [1m[36mUrl Load (0.3ms)[0m  [1mSELECT "urls".* FROM "urls"[0m
  Rendered urls/index.html.erb within layouts/application (6.8ms)
Completed 200 OK in 42ms (Views: 41.1ms | ActiveRecord: 0.3ms)


Started POST "/urls" for ::1 at 2016-06-29 21:08:18 +0800
Processing by UrlsController#create as HTML
  Parameters: {"utf8"=>"✓", "authenticity_token"=>"Z6o9RACT0fIQ/SZwutP2azSsTrDAeenBxhcYonv0fFbjVlGjqGyvZ+oY06xjuS8KM3LNN29TR8wg079QvzMXWA==", "url"=>{"long_url"=>"http://www.ig.com/uk/ig-indices/us-tech-100"}, "commit"=>"Create Url"}
  [1m[35m (0.1ms)[0m  begin transaction
  [1m[36mSQL (0.3ms)[0m  [1mINSERT INTO "url_ips" ("ip_address", "created_at", "updated_at") VALUES (?, ?, ?)[0m  [["ip_address", 0], ["created_at", "2016-06-29 13:08:18.418130"], ["updated_at", "2016-06-29 13:08:18.418130"]]
  [1m[35m (1.6ms)[0m  commit transaction
  [1m[36m (0.1ms)[0m  [1mbegin transaction[0m
  [1m[35mSQL (0.3ms)[0m  INSERT INTO "urls" ("long_url", "short_partial_url", "created_at", "updated_at") VALUES (?, ?, ?, ?)  [["long_url", "http://www.ig.com/uk/ig-indices/us-tech-100"], ["short_partial_url", "d42882"], ["created_at", "2016-06-29 13:08:18.426463"], ["updated_at", "2016-06-29 13:08:18.426463"]]
  [1m[36m (1.6ms)[0m  [1mcommit transaction[0m
Redirected to http://localhost:3000/urls
Completed 302 Found in 39ms (ActiveRecord: 4.9ms)


Started GET "/urls" for ::1 at 2016-06-29 21:08:18 +0800
Processing by UrlsController#index as HTML
  [1m[35mUrl Load (0.3ms)[0m  SELECT "urls".* FROM "urls"
  Rendered urls/index.html.erb within layouts/application (5.3ms)
Completed 200 OK in 118ms (Views: 117.2ms | ActiveRecord: 0.3ms)


Started POST "/urls" for ::1 at 2016-06-29 21:09:10 +0800
Processing by UrlsController#create as HTML
  Parameters: {"utf8"=>"✓", "authenticity_token"=>"SQt20+VFqbB2UU7F2xlJiftOgUZR7Q5/FBGiZtjpE13N9xo0TbrXJYy0uxkCc5Do/JACwf7HoHLy1QWUHC54Uw==", "url"=>{"long_url"=>"http://vdict.com/"}, "commit"=>"Create Url"}
  [1m[36m (0.1ms)[0m  [1mbegin transaction[0m
  [1m[35mSQL (0.3ms)[0m  INSERT INTO "url_ips" ("ip_address", "created_at", "updated_at") VALUES (?, ?, ?)  [["ip_address", 0], ["created_at", "2016-06-29 13:09:10.345320"], ["updated_at", "2016-06-29 13:09:10.345320"]]
  [1m[36m (1.6ms)[0m  [1mcommit transaction[0m
  [1m[35m (0.1ms)[0m  begin transaction
  [1m[36mSQL (0.3ms)[0m  [1mINSERT INTO "urls" ("long_url", "short_partial_url", "created_at", "updated_at") VALUES (?, ?, ?, ?)[0m  [["long_url", "http://vdict.com/"], ["short_partial_url", "bfb176"], ["created_at", "2016-06-29 13:09:10.353681"], ["updated_at", "2016-06-29 13:09:10.353681"]]
  [1m[35m (1.6ms)[0m  commit transaction
Redirected to http://localhost:3000/urls
Completed 302 Found in 38ms (ActiveRecord: 4.9ms)


Started GET "/urls" for ::1 at 2016-06-29 21:09:10 +0800
Processing by UrlsController#index as HTML
  [1m[36mUrl Load (0.3ms)[0m  [1mSELECT "urls".* FROM "urls"[0m
  Rendered urls/index.html.erb within layouts/application (5.1ms)
Completed 200 OK in 51ms (Views: 49.9ms | ActiveRecord: 0.3ms)


Started POST "/urls" for ::1 at 2016-06-29 21:09:49 +0800
Processing by UrlsController#create as HTML
  Parameters: {"utf8"=>"✓", "authenticity_token"=>"db7tdP4fRVWC9fbpb83qUwfX/kkBlJwJ/QDCJWei61XxQoGTVuA7wHgQAzW2pzMyAAl9zq6+MgQbxGXXo2WAWw==", "url"=>{"long_url"=>"http://vdict.com/"}, "commit"=>"Create Url"}
  [1m[35m (0.1ms)[0m  begin transaction
  [1m[36mSQL (0.4ms)[0m  [1mINSERT INTO "url_ips" ("ip_address", "created_at", "updated_at") VALUES (?, ?, ?)[0m  [["ip_address", 0], ["created_at", "2016-06-29 13:09:49.411607"], ["updated_at", "2016-06-29 13:09:49.411607"]]
  [1m[35m (1.5ms)[0m  commit transaction
  [1m[36m (0.1ms)[0m  [1mbegin transaction[0m
  [1m[35mSQL (0.3ms)[0m  INSERT INTO "urls" ("long_url", "short_partial_url", "created_at", "updated_at") VALUES (?, ?, ?, ?)  [["long_url", "http://vdict.com/"], ["short_partial_url", "f03483"], ["created_at", "2016-06-29 13:09:49.424680"], ["updated_at", "2016-06-29 13:09:49.424680"]]
  [1m[36m (1.6ms)[0m  [1mcommit transaction[0m
Redirected to http://localhost:3000/urls
Completed 302 Found in 43ms (ActiveRecord: 4.8ms)


Started GET "/urls" for ::1 at 2016-06-29 21:09:49 +0800
Processing by UrlsController#index as HTML
  [1m[35mUrl Load (0.2ms)[0m  SELECT "urls".* FROM "urls"
  Rendered urls/index.html.erb within layouts/application (4.8ms)
Completed 200 OK in 45ms (Views: 43.9ms | ActiveRecord: 0.2ms)


Started GET "/urls" for ::1 at 2016-06-29 21:21:42 +0800
Processing by UrlsController#index as HTML
  [1m[36mUrl Load (1.0ms)[0m  [1mSELECT "urls".* FROM "urls"[0m
  Rendered urls/index.html.erb within layouts/application (191.5ms)
Completed 200 OK in 260ms (Views: 250.6ms | ActiveRecord: 1.0ms)


Started POST "/urls" for ::1 at 2016-06-29 21:21:58 +0800
Processing by UrlsController#create as HTML
  Parameters: {"utf8"=>"✓", "authenticity_token"=>"GPwhlU0n0+q1fN9L7zua5PReOPgNUKefPWpEAd7Rg0KcAE1y5ditf0+ZKpc2UUOF84C7f6J6CZLbruPzGhboTA==", "url"=>{"long_url"=>"http://vdict.com/"}, "commit"=>"Create Url"}
  [1m[35m (0.1ms)[0m  begin transaction
  [1m[36mSQL (0.3ms)[0m  [1mINSERT INTO "url_ips" ("ip_address", "created_at", "updated_at") VALUES (?, ?, ?)[0m  [["ip_address", 0], ["created_at", "2016-06-29 13:21:58.777059"], ["updated_at", "2016-06-29 13:21:58.777059"]]
  [1m[35m (1.8ms)[0m  commit transaction
  [1m[36m (0.1ms)[0m  [1mbegin transaction[0m
  [1m[35mSQL (0.3ms)[0m  INSERT INTO "urls" ("long_url", "short_partial_url", "created_at", "updated_at") VALUES (?, ?, ?, ?)  [["long_url", "http://vdict.com/"], ["short_partial_url", "cffcde"], ["created_at", "2016-06-29 13:21:58.792258"], ["updated_at", "2016-06-29 13:21:58.792258"]]
  [1m[36m (3.5ms)[0m  [1mcommit transaction[0m
Redirected to http://localhost:3000/urls
Completed 302 Found in 30ms (ActiveRecord: 6.1ms)


Started GET "/urls" for ::1 at 2016-06-29 21:21:58 +0800
Processing by UrlsController#index as HTML
  [1m[35mUrl Load (0.2ms)[0m  SELECT "urls".* FROM "urls"
  Rendered urls/index.html.erb within layouts/application (6.0ms)
Completed 200 OK in 43ms (Views: 42.2ms | ActiveRecord: 0.2ms)


Started GET "/3e3568" for ::1 at 2016-06-29 21:22:21 +0800
Processing by UrlsController#show as HTML
  Parameters: {"path"=>"3e3568"}
  [1m[36mUrl Load (0.2ms)[0m  [1mSELECT  "urls".* FROM "urls" WHERE "urls"."short_partial_url" = ? LIMIT 1[0m  [["short_partial_url", "3e3568"]]
  [1m[35m (0.1ms)[0m  begin transaction
  [1m[36mSQL (0.3ms)[0m  [1mUPDATE "urls" SET "clicks" = ?, "updated_at" = ? WHERE "urls"."id" = ?[0m  [["clicks", 2], ["updated_at", "2016-06-29 13:22:21.522673"], ["id", 1]]
  [1m[35m (1.5ms)[0m  commit transaction
Redirected to http://www.ig.com/au/ig-indices/australia-200
Completed 403 Forbidden in 13ms (ActiveRecord: 2.1ms)


Started GET "/urls" for ::1 at 2016-06-29 21:22:25 +0800
Processing by UrlsController#index as HTML
  [1m[36mUrl Load (0.3ms)[0m  [1mSELECT "urls".* FROM "urls"[0m
  Rendered urls/index.html.erb within layouts/application (5.2ms)
Completed 200 OK in 49ms (Views: 48.1ms | ActiveRecord: 0.3ms)


Started POST "/urls" for ::1 at 2016-06-29 21:22:32 +0800
Processing by UrlsController#create as HTML
  Parameters: {"utf8"=>"✓", "authenticity_token"=>"FdxaF6fr1XpdnMkYGqr3Uf9NiQBz5lXveExfvYazq3aRIDbwDxSr76d5PMTDwC4w+JMKh9zM++KeiPhPQnTAeA==", "url"=>{"long_url"=>"http://vdict.com/"}, "commit"=>"Create Url"}
  [1m[35m (0.1ms)[0m  begin transaction
  [1m[36mSQL (0.4ms)[0m  [1mINSERT INTO "url_ips" ("ip_address", "created_at", "updated_at") VALUES (?, ?, ?)[0m  [["ip_address", 0], ["created_at", "2016-06-29 13:22:32.563856"], ["updated_at", "2016-06-29 13:22:32.563856"]]
  [1m[35m (1.7ms)[0m  commit transaction
  [1m[36m (0.1ms)[0m  [1mbegin transaction[0m
  [1m[35mSQL (0.3ms)[0m  INSERT INTO "urls" ("long_url", "short_partial_url", "created_at", "updated_at") VALUES (?, ?, ?, ?)  [["long_url", "http://vdict.com/"], ["short_partial_url", "3369e1"], ["created_at", "2016-06-29 13:22:32.577167"], ["updated_at", "2016-06-29 13:22:32.577167"]]
  [1m[36m (1.5ms)[0m  [1mcommit transaction[0m
Redirected to http://localhost:3000/urls
Completed 302 Found in 22ms (ActiveRecord: 4.0ms)


Started GET "/urls" for ::1 at 2016-06-29 21:22:32 +0800
Processing by UrlsController#index as HTML
  [1m[35mUrl Load (0.2ms)[0m  SELECT "urls".* FROM "urls"
  Rendered urls/index.html.erb within layouts/application (58.3ms)
Completed 200 OK in 89ms (Views: 87.5ms | ActiveRecord: 0.2ms)


Started GET "/urls" for ::1 at 2016-06-29 21:23:03 +0800
Processing by UrlsController#index as HTML
  [1m[36mUrl Load (0.2ms)[0m  [1mSELECT "urls".* FROM "urls"[0m
  Rendered urls/index.html.erb within layouts/application (5.0ms)
Completed 200 OK in 61ms (Views: 46.2ms | ActiveRecord: 0.9ms)


Started POST "/urls" for ::1 at 2016-06-29 21:23:15 +0800
Processing by UrlsController#create as HTML
  Parameters: {"utf8"=>"✓", "authenticity_token"=>"Mklg1Y84/67LrbGrFSAkgVE2WUwcj+RREvMoqkP/NfW2tQwyJ8eBOzFIRHfMSv3gVujay7OlSlz0N49Yhzhe+w==", "url"=>{"long_url"=>"http://vdict.com/"}, "commit"=>"Create Url"}
  [1m[35m (0.1ms)[0m  begin transaction
  [1m[36mSQL (0.4ms)[0m  [1mINSERT INTO "url_ips" ("ip_address", "created_at", "updated_at") VALUES (?, ?, ?)[0m  [["ip_address", 0], ["created_at", "2016-06-29 13:23:15.191395"], ["updated_at", "2016-06-29 13:23:15.191395"]]
  [1m[35m (1.5ms)[0m  commit transaction
  [1m[36m (0.1ms)[0m  [1mbegin transaction[0m
  [1m[35mSQL (0.3ms)[0m  INSERT INTO "urls" ("long_url", "short_partial_url", "created_at", "updated_at") VALUES (?, ?, ?, ?)  [["long_url", "http://vdict.com/"], ["short_partial_url", "892688"], ["created_at", "2016-06-29 13:23:15.266610"], ["updated_at", "2016-06-29 13:23:15.266610"]]
  [1m[36m (1.5ms)[0m  [1mcommit transaction[0m
Redirected to http://localhost:3000/urls
Completed 302 Found in 96ms (ActiveRecord: 4.3ms)


Started GET "/urls" for ::1 at 2016-06-29 21:23:15 +0800
Processing by UrlsController#index as HTML
  [1m[35mUrl Load (0.2ms)[0m  SELECT "urls".* FROM "urls"
  Rendered urls/index.html.erb within layouts/application (4.8ms)
Completed 200 OK in 33ms (Views: 31.2ms | ActiveRecord: 0.2ms)


Started POST "/urls" for ::1 at 2016-06-29 21:25:00 +0800
Processing by UrlsController#create as HTML
  Parameters: {"utf8"=>"✓", "authenticity_token"=>"b33GWqlloJTHrOHh5Ma72xQniMK5XlXGB7WZR+u1k5Hrgaq9AZreAT1JFD09rGK6E/kLRRZ0+8vhcT61L3L4nw==", "url"=>{"long_url"=>"http://www.ig.com/uk/ig-indices/ftse-100"}, "commit"=>"Create Url"}
  [1m[36m (0.1ms)[0m  [1mbegin transaction[0m
  [1m[35mSQL (0.3ms)[0m  INSERT INTO "url_ips" ("ip_address", "created_at", "updated_at") VALUES (?, ?, ?)  [["ip_address", 0], ["created_at", "2016-06-29 13:25:00.639542"], ["updated_at", "2016-06-29 13:25:00.639542"]]
  [1m[36m (1.7ms)[0m  [1mcommit transaction[0m
  [1m[35m (0.1ms)[0m  begin transaction
  [1m[36mSQL (0.4ms)[0m  [1mINSERT INTO "urls" ("long_url", "short_partial_url", "created_at", "updated_at") VALUES (?, ?, ?, ?)[0m  [["long_url", "http://www.ig.com/uk/ig-indices/ftse-100"], ["short_partial_url", "1b0195"], ["created_at", "2016-06-29 13:25:00.712273"], ["updated_at", "2016-06-29 13:25:00.712273"]]
  [1m[35m (1.6ms)[0m  commit transaction
Redirected to http://localhost:3000/urls
Completed 302 Found in 103ms (ActiveRecord: 4.8ms)


Started GET "/urls" for ::1 at 2016-06-29 21:25:00 +0800
Processing by UrlsController#index as HTML
  [1m[36mUrl Load (0.4ms)[0m  [1mSELECT "urls".* FROM "urls"[0m
  Rendered urls/index.html.erb within layouts/application (7.4ms)
Completed 200 OK in 51ms (Views: 49.9ms | ActiveRecord: 0.4ms)


Started GET "/urls" for ::1 at 2016-06-29 21:28:52 +0800
Processing by UrlsController#index as HTML
  [1m[35mUrl Load (0.2ms)[0m  SELECT "urls".* FROM "urls"
  Rendered urls/index.html.erb within layouts/application (5.3ms)
Completed 200 OK in 63ms (Views: 49.7ms | ActiveRecord: 0.8ms)


Started POST "/urls" for ::1 at 2016-06-29 21:28:59 +0800
Processing by UrlsController#create as HTML
  Parameters: {"utf8"=>"✓", "authenticity_token"=>"7cd8XqKGTRbV4EF1eWLMaB9wJRhBAfjy78OHWQNsFFxpOxC5Cnkzgy8FtKmgCBUJGK6mn+4rVv8JByCrx6t/Ug==", "url"=>{"long_url"=>"http://www.ig.com/uk/ig-indices/ftse-100"}, "commit"=>"Create Url"}
  [1m[36m (0.1ms)[0m  [1mbegin transaction[0m
  [1m[35mSQL (0.6ms)[0m  INSERT INTO "urls" ("long_url", "short_partial_url", "created_at", "updated_at") VALUES (?, ?, ?, ?)  [["long_url", "http://www.ig.com/uk/ig-indices/ftse-100"], ["short_partial_url", "6d7314"], ["created_at", "2016-06-29 13:28:59.639643"], ["updated_at", "2016-06-29 13:28:59.639643"]]
  [1m[36m (1.6ms)[0m  [1mcommit transaction[0m
  [1m[35m (0.1ms)[0m  begin transaction
  [1m[36mSQL (0.3ms)[0m  [1mINSERT INTO "url_ips" ("ip_address", "url_id", "created_at", "updated_at") VALUES (?, ?, ?, ?)[0m  [["ip_address", 0], ["url_id", 10], ["created_at", "2016-06-29 13:28:59.714422"], ["updated_at", "2016-06-29 13:28:59.714422"]]
  [1m[35m (1.6ms)[0m  commit transaction
Redirected to http://localhost:3000/urls
Completed 302 Found in 86ms (ActiveRecord: 4.6ms)


Started GET "/urls" for ::1 at 2016-06-29 21:28:59 +0800
Processing by UrlsController#index as HTML
  [1m[36mUrl Load (0.2ms)[0m  [1mSELECT "urls".* FROM "urls"[0m
  Rendered urls/index.html.erb within layouts/application (4.3ms)
Completed 200 OK in 33ms (Views: 31.7ms | ActiveRecord: 0.2ms)
  [1m[36mActiveRecord::SchemaMigration Load (0.1ms)[0m  [1mSELECT "schema_migrations".* FROM "schema_migrations"[0m
  [1m[35mActiveRecord::SchemaMigration Load (0.1ms)[0m  SELECT "schema_migrations".* FROM "schema_migrations"
  [1m[36m (0.1ms)[0m  [1m            SELECT sql
            FROM sqlite_master
            WHERE name='index_urls_on_short_partial_url' AND type='index'
            UNION ALL
            SELECT sql
            FROM sqlite_temp_master
            WHERE name='index_urls_on_short_partial_url' AND type='index'
[0m


Started GET "/urls/" for ::1 at 2016-06-29 21:44:53 +0800
  [1m[36mActiveRecord::SchemaMigration Load (0.2ms)[0m  [1mSELECT "schema_migrations".* FROM "schema_migrations"[0m
Processing by UrlsController#index as HTML
  [1m[35mUrl Load (0.2ms)[0m  SELECT "urls".* FROM "urls"
  Rendered urls/index.html.erb within layouts/application (38.6ms)
Completed 200 OK in 441ms (Views: 405.7ms | ActiveRecord: 0.6ms)
  [1m[36m (1.8ms)[0m  [1mCREATE TABLE "schema_migrations" ("version" varchar NOT NULL) [0m
  [1m[35m (0.1ms)[0m  select sqlite_version(*)
  [1m[36m (1.8ms)[0m  [1mCREATE UNIQUE INDEX "unique_schema_migrations" ON "schema_migrations" ("version")[0m
  [1m[35mActiveRecord::SchemaMigration Load (0.3ms)[0m  SELECT "schema_migrations".* FROM "schema_migrations"
Migrating to CreateUrls (20151215082908)
  [1m[36m (0.1ms)[0m  [1mbegin transaction[0m
  [1m[35m (0.1ms)[0m  rollback transaction
  [1m[36mActiveRecord::SchemaMigration Load (0.1ms)[0m  [1mSELECT "schema_migrations".* FROM "schema_migrations"[0m
Migrating to CreateUrls (20151215082908)
  [1m[35m (0.1ms)[0m  begin transaction
  [1m[36m (0.1ms)[0m  [1mrollback transaction[0m
  [1m[36mActiveRecord::SchemaMigration Load (1.3ms)[0m  [1mSELECT "schema_migrations".* FROM "schema_migrations"[0m
Migrating to CreateUrls (20151215082908)
  [1m[35m (0.1ms)[0m  begin transaction
  [1m[36m (0.5ms)[0m  [1mCREATE TABLE "urls" ("id" INTEGER PRIMARY KEY AUTOINCREMENT NOT NULL, "long_url" varchar NOT NULL, "short_partial_url" varchar NOT NULL, "clicks" integer DEFAULT 0, "created_at" datetime NOT NULL, "updated_at" datetime NOT NULL) [0m
  [1m[35m (0.1ms)[0m  select sqlite_version(*)
  [1m[36m (0.4ms)[0m  [1mCREATE UNIQUE INDEX "index_urls_on_short_partial_url" ON "urls" ("short_partial_url")[0m
  [1m[35mSQL (0.1ms)[0m  INSERT INTO "schema_migrations" ("version") VALUES (?)  [["version", "20151215082908"]]
  [1m[36m (1.7ms)[0m  [1mcommit transaction[0m
Migrating to CreateUrlIps (20160629125511)
  [1m[35m (0.1ms)[0m  begin transaction
  [1m[36m (0.4ms)[0m  [1mCREATE TABLE "url_ips" ("id" INTEGER PRIMARY KEY AUTOINCREMENT NOT NULL, "url_id" integer, "ip_address" integer, "created_at" datetime NOT NULL, "updated_at" datetime NOT NULL) [0m
  [1m[35mSQL (0.1ms)[0m  INSERT INTO "schema_migrations" ("version") VALUES (?)  [["version", "20160629125511"]]
  [1m[36m (1.7ms)[0m  [1mcommit transaction[0m
  [1m[35mActiveRecord::SchemaMigration Load (0.1ms)[0m  SELECT "schema_migrations".* FROM "schema_migrations"
  [1m[36m (0.4ms)[0m  [1m            SELECT sql
            FROM sqlite_master
            WHERE name='index_urls_on_short_partial_url' AND type='index'
            UNION ALL
            SELECT sql
            FROM sqlite_temp_master
            WHERE name='index_urls_on_short_partial_url' AND type='index'
[0m


Started GET "/urls/" for ::1 at 2016-06-29 21:49:27 +0800
  [1m[36mActiveRecord::SchemaMigration Load (1.3ms)[0m  [1mSELECT "schema_migrations".* FROM "schema_migrations"[0m
Processing by UrlsController#index as HTML
  [1m[35mUrl Load (1.6ms)[0m  SELECT "urls".* FROM "urls"
  Rendered urls/index.html.erb within layouts/application (59.8ms)
Completed 200 OK in 690ms (Views: 657.3ms | ActiveRecord: 2.1ms)


Started GET "/urls/" for ::1 at 2016-06-29 21:49:29 +0800
Processing by UrlsController#index as HTML
  [1m[36mUrl Load (0.1ms)[0m  [1mSELECT "urls".* FROM "urls"[0m
  Rendered urls/index.html.erb within layouts/application (3.6ms)
Completed 200 OK in 31ms (Views: 29.9ms | ActiveRecord: 0.1ms)


Started GET "/urls/" for ::1 at 2016-06-29 21:49:30 +0800
Processing by UrlsController#index as HTML
  [1m[35mUrl Load (0.3ms)[0m  SELECT "urls".* FROM "urls"
  Rendered urls/index.html.erb within layouts/application (6.5ms)
Completed 200 OK in 40ms (Views: 38.3ms | ActiveRecord: 0.3ms)


Started POST "/urls" for ::1 at 2016-06-29 21:49:42 +0800
Processing by UrlsController#create as HTML
  Parameters: {"utf8"=>"✓", "authenticity_token"=>"/nh+y/g641ApL4mlMtEAMzJzrg92FPorW7aVScdAMnF6hBIsUMWdxdPKfHnru9lSNa0tiNk+VCa9cjK7A4dZfw==", "url"=>{"long_url"=>"http://edgeguides.rubyonrails.org/"}, "commit"=>"Create Url"}
  [1m[36m (0.1ms)[0m  [1mbegin transaction[0m
  [1m[35mSQL (1.9ms)[0m  INSERT INTO "urls" ("long_url", "short_partial_url", "created_at", "updated_at") VALUES (?, ?, ?, ?)  [["long_url", "http://edgeguides.rubyonrails.org/"], ["short_partial_url", "1162e3"], ["created_at", "2016-06-29 13:49:42.792316"], ["updated_at", "2016-06-29 13:49:42.792316"]]
  [1m[36m (1.8ms)[0m  [1mcommit transaction[0m
  [1m[35m (0.1ms)[0m  begin transaction
  [1m[36mSQL (0.3ms)[0m  [1mINSERT INTO "url_ips" ("ip_address", "url_id", "created_at", "updated_at") VALUES (?, ?, ?, ?)[0m  [["ip_address", 0], ["url_id", 1], ["created_at", "2016-06-29 13:49:42.815827"], ["updated_at", "2016-06-29 13:49:42.815827"]]
  [1m[35m (1.7ms)[0m  commit transaction
Redirected to http://localhost:3000/urls
Completed 302 Found in 34ms (ActiveRecord: 6.3ms)


Started GET "/urls" for ::1 at 2016-06-29 21:49:42 +0800
Processing by UrlsController#index as HTML
  [1m[36mUrl Load (0.3ms)[0m  [1mSELECT "urls".* FROM "urls"[0m
  Rendered urls/index.html.erb within layouts/application (5.4ms)
Completed 200 OK in 48ms (Views: 46.3ms | ActiveRecord: 0.3ms)


Started GET "/1162e3" for ::1 at 2016-06-29 21:49:44 +0800
Processing by UrlsController#show as HTML
  Parameters: {"path"=>"1162e3"}
  [1m[35mUrl Load (0.3ms)[0m  SELECT  "urls".* FROM "urls" WHERE "urls"."short_partial_url" = ? LIMIT 1  [["short_partial_url", "1162e3"]]
  [1m[36m (0.1ms)[0m  [1mbegin transaction[0m
  [1m[35mSQL (0.3ms)[0m  UPDATE "urls" SET "clicks" = ?, "updated_at" = ? WHERE "urls"."id" = ?  [["clicks", 1], ["updated_at", "2016-06-29 13:49:44.527611"], ["id", 1]]
  [1m[36m (0.7ms)[0m  [1mcommit transaction[0m
Redirected to http://edgeguides.rubyonrails.org/
Completed 403 Forbidden in 23ms (ActiveRecord: 1.3ms)


Started GET "/urls" for ::1 at 2016-06-29 21:49:49 +0800
Processing by UrlsController#index as HTML
  [1m[35mUrl Load (0.2ms)[0m  SELECT "urls".* FROM "urls"
  Rendered urls/index.html.erb within layouts/application (3.4ms)
Completed 200 OK in 35ms (Views: 33.6ms | ActiveRecord: 0.2ms)


Started GET "/1162e3" for ::1 at 2016-06-29 21:49:50 +0800
Processing by UrlsController#show as HTML
  Parameters: {"path"=>"1162e3"}
  [1m[36mUrl Load (0.1ms)[0m  [1mSELECT  "urls".* FROM "urls" WHERE "urls"."short_partial_url" = ? LIMIT 1[0m  [["short_partial_url", "1162e3"]]
  [1m[35m (0.1ms)[0m  begin transaction
  [1m[36mSQL (0.2ms)[0m  [1mUPDATE "urls" SET "clicks" = ?, "updated_at" = ? WHERE "urls"."id" = ?[0m  [["clicks", 2], ["updated_at", "2016-06-29 13:49:51.019611"], ["id", 1]]
  [1m[35m (1.5ms)[0m  commit transaction
Redirected to http://edgeguides.rubyonrails.org/
Completed 403 Forbidden in 11ms (ActiveRecord: 1.9ms)


Started GET "/urls" for ::1 at 2016-06-29 21:49:52 +0800
Processing by UrlsController#index as HTML
  [1m[36mUrl Load (0.2ms)[0m  [1mSELECT "urls".* FROM "urls"[0m
  Rendered urls/index.html.erb within layouts/application (3.6ms)
Completed 200 OK in 31ms (Views: 29.7ms | ActiveRecord: 0.2ms)
